# JRE version: OpenJDK Runtime Environment (11.0.8+10) (build 11.0.8+10-b944.6842174)
# Java VM: OpenJDK 64-Bit Server VM (11.0.8+10-b944.6842174, mixed mode, tiered, compressed oops, g1 gc, windows-amd64)
Heap:
 garbage-first heap   total 161792K, used 58880K [0x0000000081c00000, 0x0000000100000000)
  region size 1024K, 11 young (11264K), 2 survivors (2048K)
 Metaspace       used 56348K, capacity 57088K, committed 57216K, reserved 1099776K
  class space    used 6424K, capacity 6717K, committed 6784K, reserved 1048576K
GC Heap History (18 events):
Event: 0.429 GC heap before
{Heap before GC invocations=0 (full 0):
 garbage-first heap   total 131072K, used 27648K [0x0000000081c00000, 0x0000000100000000)
  region size 1024K, 24 young (24576K), 0 survivors (0K)
 Metaspace       used 12313K, capacity 12405K, committed 12544K, reserved 1060864K
  class space    used 1157K, capacity 1174K, committed 1280K, reserved 1048576K
}
Event: 0.432 GC heap after
{Heap after GC invocations=1 (full 0):
 garbage-first heap   total 131072K, used 5678K [0x0000000081c00000, 0x0000000100000000)
  region size 1024K, 3 young (3072K), 3 survivors (3072K)
 Metaspace       used 12313K, capacity 12405K, committed 12544K, reserved 1060864K
  class space    used 1157K, capacity 1174K, committed 1280K, reserved 1048576K
}
Event: 0.901 GC heap before
{Heap before GC invocations=1 (full 0):
 garbage-first heap   total 131072K, used 42542K [0x0000000081c00000, 0x0000000100000000)
  region size 1024K, 40 young (40960K), 3 survivors (3072K)
 Metaspace       used 20986K, capacity 21183K, committed 21248K, reserved 1069056K
  class space    used 2214K, capacity 2289K, committed 2304K, reserved 1048576K
}
Event: 0.911 GC heap after
{Heap after GC invocations=2 (full 0):
 garbage-first heap   total 131072K, used 9661K [0x0000000081c00000, 0x0000000100000000)
  region size 1024K, 7 young (7168K), 7 survivors (7168K)
 Metaspace       used 20986K, capacity 21183K, committed 21248K, reserved 1069056K
  class space    used 2214K, capacity 2289K, committed 2304K, reserved 1048576K
}
Event: 1.533 GC heap before
{Heap before GC invocations=3 (full 0):
 garbage-first heap   total 131072K, used 69053K [0x0000000081c00000, 0x0000000100000000)
  region size 1024K, 57 young (58368K), 7 survivors (7168K)
 Metaspace       used 30912K, capacity 31386K, committed 31488K, reserved 1077248K
  class space    used 3640K, capacity 3809K, committed 3840K, reserved 1048576K
}
Event: 1.550 GC heap after
{Heap after GC invocations=4 (full 0):
 garbage-first heap   total 131072K, used 22849K [0x0000000081c00000, 0x0000000100000000)
  region size 1024K, 8 young (8192K), 8 survivors (8192K)
 Metaspace       used 30912K, capacity 31386K, committed 31488K, reserved 1077248K
  class space    used 3640K, capacity 3809K, committed 3840K, reserved 1048576K
}
Event: 1.630 GC heap before
{Heap before GC invocations=4 (full 0):
 garbage-first heap   total 131072K, used 32065K [0x0000000081c00000, 0x0000000100000000)
  region size 1024K, 13 young (13312K), 8 survivors (8192K)
 Metaspace       used 31368K, capacity 31804K, committed 32128K, reserved 1077248K
  class space    used 3682K, capacity 3841K, committed 3968K, reserved 1048576K
}
Event: 1.637 GC heap after
{Heap after GC invocations=5 (full 0):
 garbage-first heap   total 131072K, used 25983K [0x0000000081c00000, 0x0000000100000000)
  region size 1024K, 1 young (1024K), 1 survivors (1024K)
 Metaspace       used 31368K, capacity 31804K, committed 32128K, reserved 1077248K
  class space    used 3682K, capacity 3841K, committed 3968K, reserved 1048576K
}
Event: 1.807 GC heap before
{Heap before GC invocations=5 (full 0):
 garbage-first heap   total 131072K, used 41343K [0x0000000081c00000, 0x0000000100000000)
  region size 1024K, 17 young (17408K), 1 survivors (1024K)
 Metaspace       used 35185K, capacity 35653K, committed 35840K, reserved 1081344K
  class space    used 4320K, capacity 4484K, committed 4608K, reserved 1048576K
}
Event: 1.810 GC heap after
{Heap after GC invocations=6 (full 0):
 garbage-first heap   total 161792K, used 26398K [0x0000000081c00000, 0x0000000100000000)
  region size 1024K, 2 young (2048K), 2 survivors (2048K)
 Metaspace       used 35185K, capacity 35653K, committed 35840K, reserved 1081344K
  class space    used 4320K, capacity 4484K, committed 4608K, reserved 1048576K
}
Event: 2.563 GC heap before
{Heap before GC invocations=7 (full 0):
 garbage-first heap   total 161792K, used 81694K [0x0000000081c00000, 0x0000000100000000)
  region size 1024K, 56 young (57344K), 2 survivors (2048K)
 Metaspace       used 46645K, capacity 47217K, committed 47488K, reserved 1091584K
  class space    used 5484K, capacity 5685K, committed 5760K, reserved 1048576K
}
Event: 2.573 GC heap after
{Heap after GC invocations=8 (full 0):
 garbage-first heap   total 161792K, used 31711K [0x0000000081c00000, 0x0000000100000000)
  region size 1024K, 7 young (7168K), 7 survivors (7168K)
 Metaspace       used 46645K, capacity 47217K, committed 47488K, reserved 1091584K
  class space    used 5484K, capacity 5685K, committed 5760K, reserved 1048576K
}
Event: 3.150 GC heap before
{Heap before GC invocations=8 (full 0):
 garbage-first heap   total 161792K, used 92127K [0x0000000081c00000, 0x0000000100000000)
  region size 1024K, 65 young (66560K), 7 survivors (7168K)
 Metaspace       used 50166K, capacity 50766K, committed 50944K, reserved 1093632K
  class space    used 5814K, capacity 6027K, committed 6144K, reserved 1048576K
}
Event: 3.163 GC heap after
{Heap after GC invocations=9 (full 0):
 garbage-first heap   total 161792K, used 38696K [0x0000000081c00000, 0x0000000100000000)
  region size 1024K, 7 young (7168K), 7 survivors (7168K)
 Metaspace       used 50166K, capacity 50766K, committed 50944K, reserved 1093632K
  class space    used 5814K, capacity 6027K, committed 6144K, reserved 1048576K
}
Event: 4.127 GC heap before
{Heap before GC invocations=9 (full 0):
 garbage-first heap   total 161792K, used 99112K [0x0000000081c00000, 0x0000000100000000)
  region size 1024K, 66 young (67584K), 7 survivors (7168K)
 Metaspace       used 54533K, capacity 55212K, committed 55424K, reserved 1097728K
  class space    used 6218K, capacity 6477K, committed 6528K, reserved 1048576K
}
Event: 4.146 GC heap after
{Heap after GC invocations=10 (full 0):
 garbage-first heap   total 161792K, used 48761K [0x0000000081c00000, 0x0000000100000000)
  region size 1024K, 9 young (9216K), 9 survivors (9216K)
 Metaspace       used 54533K, capacity 55212K, committed 55424K, reserved 1097728K
  class space    used 6218K, capacity 6477K, committed 6528K, reserved 1048576K
}
Event: 4.306 GC heap before
{Heap before GC invocations=10 (full 0):
 garbage-first heap   total 161792K, used 107129K [0x0000000081c00000, 0x0000000100000000)
  region size 1024K, 66 young (67584K), 9 survivors (9216K)
 Metaspace       used 54809K, capacity 55529K, committed 55680K, reserved 1097728K
  class space    used 6240K, capacity 6517K, committed 6528K, reserved 1048576K
}
Event: 4.318 GC heap after
{Heap after GC invocations=11 (full 0):
 garbage-first heap   total 161792K, used 50688K [0x0000000081c00000, 0x0000000100000000)
  region size 1024K, 2 young (2048K), 2 survivors (2048K)
 Metaspace       used 54809K, capacity 55529K, committed 55680K, reserved 1097728K
  class space    used 6240K, capacity 6517K, committed 6528K, reserved 1048576K
}

