# JRE version: OpenJDK Runtime Environment (11.0.8+10) (build 11.0.8+10-b944.6842174)
# Java VM: OpenJDK 64-Bit Server VM (11.0.8+10-b944.6842174, mixed mode, tiered, compressed oops, g1 gc, windows-amd64)
Heap:
 garbage-first heap   total 157696K, used 58505K [0x0000000080000000, 0x0000000100000000)
  region size 1024K, 14 young (14336K), 6 survivors (6144K)
 Metaspace       used 59257K, capacity 60665K, committed 60928K, reserved 1101824K
  class space    used 7516K, capacity 8039K, committed 8064K, reserved 1048576K
GC Heap History (18 events):
Event: 0.724 GC heap before
{Heap before GC invocations=0 (full 0):
 garbage-first heap   total 131072K, used 29696K [0x0000000080000000, 0x0000000100000000)
  region size 1024K, 24 young (24576K), 0 survivors (0K)
 Metaspace       used 10464K, capacity 10677K, committed 11008K, reserved 1058816K
  class space    used 1097K, capacity 1195K, committed 1280K, reserved 1048576K
}
Event: 0.729 GC heap after
{Heap after GC invocations=1 (full 0):
 garbage-first heap   total 131072K, used 9079K [0x0000000080000000, 0x0000000100000000)
  region size 1024K, 3 young (3072K), 3 survivors (3072K)
 Metaspace       used 10464K, capacity 10677K, committed 11008K, reserved 1058816K
  class space    used 1097K, capacity 1195K, committed 1280K, reserved 1048576K
}
Event: 2.418 GC heap before
{Heap before GC invocations=1 (full 0):
 garbage-first heap   total 131072K, used 82807K [0x0000000080000000, 0x0000000100000000)
  region size 1024K, 76 young (77824K), 3 survivors (3072K)
 Metaspace       used 18913K, capacity 19378K, committed 19584K, reserved 1067008K
  class space    used 2284K, capacity 2426K, committed 2432K, reserved 1048576K
}
Event: 2.424 GC heap after
{Heap after GC invocations=2 (full 0):
 garbage-first heap   total 131072K, used 15813K [0x0000000080000000, 0x0000000100000000)
  region size 1024K, 10 young (10240K), 10 survivors (10240K)
 Metaspace       used 18913K, capacity 19378K, committed 19584K, reserved 1067008K
  class space    used 2284K, capacity 2426K, committed 2432K, reserved 1048576K
}
Event: 2.578 GC heap before
{Heap before GC invocations=2 (full 0):
 garbage-first heap   total 131072K, used 28101K [0x0000000080000000, 0x0000000100000000)
  region size 1024K, 23 young (23552K), 10 survivors (10240K)
 Metaspace       used 20609K, capacity 21115K, committed 21248K, reserved 1067008K
  class space    used 2527K, capacity 2712K, committed 2816K, reserved 1048576K
}
Event: 2.585 GC heap after
{Heap after GC invocations=3 (full 0):
 garbage-first heap   total 131072K, used 16712K [0x0000000080000000, 0x0000000100000000)
  region size 1024K, 1 young (1024K), 1 survivors (1024K)
 Metaspace       used 20609K, capacity 21115K, committed 21248K, reserved 1067008K
  class space    used 2527K, capacity 2712K, committed 2816K, reserved 1048576K
}
Event: 3.249 GC heap before
{Heap before GC invocations=4 (full 0):
 garbage-first heap   total 131072K, used 69960K [0x0000000080000000, 0x0000000100000000)
  region size 1024K, 53 young (54272K), 1 survivors (1024K)
 Metaspace       used 26526K, capacity 27152K, committed 27264K, reserved 1073152K
  class space    used 3480K, capacity 3707K, committed 3712K, reserved 1048576K
}
Event: 3.251 GC heap after
{Heap after GC invocations=5 (full 0):
 garbage-first heap   total 131072K, used 18639K [0x0000000080000000, 0x0000000100000000)
  region size 1024K, 3 young (3072K), 3 survivors (3072K)
 Metaspace       used 26526K, capacity 27152K, committed 27264K, reserved 1073152K
  class space    used 3480K, capacity 3707K, committed 3712K, reserved 1048576K
}
Event: 3.824 GC heap before
{Heap before GC invocations=5 (full 0):
 garbage-first heap   total 131072K, used 63695K [0x0000000080000000, 0x0000000100000000)
  region size 1024K, 49 young (50176K), 3 survivors (3072K)
 Metaspace       used 35120K, capacity 35773K, committed 35840K, reserved 1081344K
  class space    used 4566K, capacity 4856K, committed 4864K, reserved 1048576K
}
Event: 3.832 GC heap after
{Heap after GC invocations=6 (full 0):
 garbage-first heap   total 131072K, used 21747K [0x0000000080000000, 0x0000000100000000)
  region size 1024K, 6 young (6144K), 6 survivors (6144K)
 Metaspace       used 35120K, capacity 35773K, committed 35840K, reserved 1081344K
  class space    used 4566K, capacity 4856K, committed 4864K, reserved 1048576K
}
Event: 4.359 GC heap before
{Heap before GC invocations=7 (full 0):
 garbage-first heap   total 131072K, used 85235K [0x0000000080000000, 0x0000000100000000)
  region size 1024K, 65 young (66560K), 6 survivors (6144K)
 Metaspace       used 40782K, capacity 41662K, committed 41984K, reserved 1085440K
  class space    used 5210K, capacity 5533K, committed 5632K, reserved 1048576K
}
Event: 4.367 GC heap after
{Heap after GC invocations=8 (full 0):
 garbage-first heap   total 131072K, used 25524K [0x0000000080000000, 0x0000000100000000)
  region size 1024K, 7 young (7168K), 7 survivors (7168K)
 Metaspace       used 40782K, capacity 41662K, committed 41984K, reserved 1085440K
  class space    used 5210K, capacity 5533K, committed 5632K, reserved 1048576K
}
Event: 5.266 GC heap before
{Heap before GC invocations=8 (full 0):
 garbage-first heap   total 131072K, used 86964K [0x0000000080000000, 0x0000000100000000)
  region size 1024K, 67 young (68608K), 7 survivors (7168K)
 Metaspace       used 44496K, capacity 45525K, committed 45824K, reserved 1089536K
  class space    used 5700K, capacity 6078K, committed 6144K, reserved 1048576K
}
Event: 5.273 GC heap after
{Heap after GC invocations=9 (full 0):
 garbage-first heap   total 157696K, used 29863K [0x0000000080000000, 0x0000000100000000)
  region size 1024K, 8 young (8192K), 8 survivors (8192K)
 Metaspace       used 44496K, capacity 45525K, committed 45824K, reserved 1089536K
  class space    used 5700K, capacity 6078K, committed 6144K, reserved 1048576K
}
Event: 6.142 GC heap before
{Heap before GC invocations=9 (full 0):
 garbage-first heap   total 157696K, used 108711K [0x0000000080000000, 0x0000000100000000)
  region size 1024K, 79 young (80896K), 8 survivors (8192K)
 Metaspace       used 51092K, capacity 52326K, committed 52608K, reserved 1095680K
  class space    used 6509K, capacity 6923K, committed 7040K, reserved 1048576K
}
Event: 6.149 GC heap after
{Heap after GC invocations=10 (full 0):
 garbage-first heap   total 157696K, used 45191K [0x0000000080000000, 0x0000000100000000)
  region size 1024K, 10 young (10240K), 10 survivors (10240K)
 Metaspace       used 51092K, capacity 52326K, committed 52608K, reserved 1095680K
  class space    used 6509K, capacity 6923K, committed 7040K, reserved 1048576K
}
Event: 7.045 GC heap before
{Heap before GC invocations=10 (full 0):
 garbage-first heap   total 157696K, used 105607K [0x0000000080000000, 0x0000000100000000)
  region size 1024K, 70 young (71680K), 10 survivors (10240K)
 Metaspace       used 58618K, capacity 60069K, committed 60160K, reserved 1101824K
  class space    used 7448K, capacity 7973K, committed 8064K, reserved 1048576K
}
Event: 7.062 GC heap after
{Heap after GC invocations=11 (full 0):
 garbage-first heap   total 157696K, used 51337K [0x0000000080000000, 0x0000000100000000)
  region size 1024K, 6 young (6144K), 6 survivors (6144K)
 Metaspace       used 58618K, capacity 60069K, committed 60160K, reserved 1101824K
  class space    used 7448K, capacity 7973K, committed 8064K, reserved 1048576K
}

