# JRE version: OpenJDK Runtime Environment (11.0.8+10) (build 11.0.8+10-b944.6842174)
# Java VM: OpenJDK 64-Bit Server VM (11.0.8+10-b944.6842174, mixed mode, tiered, compressed oops, g1 gc, windows-amd64)
Heap:
 garbage-first heap   total 189440K, used 103094K [0x0000000080000000, 0x0000000100000000)
  region size 1024K, 52 young (53248K), 1 survivors (1024K)
 Metaspace       used 62079K, capacity 63412K, committed 63692K, reserved 1103872K
  class space    used 7879K, capacity 8376K, committed 8448K, reserved 1048576K
GC Heap History (20 events):
Event: 0.571 GC heap before
{Heap before GC invocations=0 (full 0):
 garbage-first heap   total 131072K, used 29696K [0x0000000080000000, 0x0000000100000000)
  region size 1024K, 24 young (24576K), 0 survivors (0K)
 Metaspace       used 10447K, capacity 10645K, committed 11008K, reserved 1058816K
  class space    used 1093K, capacity 1163K, committed 1280K, reserved 1048576K
}
Event: 0.577 GC heap after
{Heap after GC invocations=1 (full 0):
 garbage-first heap   total 131072K, used 8472K [0x0000000080000000, 0x0000000100000000)
  region size 1024K, 3 young (3072K), 3 survivors (3072K)
 Metaspace       used 10447K, capacity 10645K, committed 11008K, reserved 1058816K
  class space    used 1093K, capacity 1163K, committed 1280K, reserved 1048576K
}
Event: 2.081 GC heap before
{Heap before GC invocations=1 (full 0):
 garbage-first heap   total 131072K, used 82200K [0x0000000080000000, 0x0000000100000000)
  region size 1024K, 76 young (77824K), 3 survivors (3072K)
 Metaspace       used 18907K, capacity 19410K, committed 19712K, reserved 1067008K
  class space    used 2284K, capacity 2458K, committed 2560K, reserved 1048576K
}
Event: 2.089 GC heap after
{Heap after GC invocations=2 (full 0):
 garbage-first heap   total 131072K, used 15767K [0x0000000080000000, 0x0000000100000000)
  region size 1024K, 10 young (10240K), 10 survivors (10240K)
 Metaspace       used 18907K, capacity 19410K, committed 19712K, reserved 1067008K
  class space    used 2284K, capacity 2458K, committed 2560K, reserved 1048576K
}
Event: 2.217 GC heap before
{Heap before GC invocations=2 (full 0):
 garbage-first heap   total 131072K, used 29079K [0x0000000080000000, 0x0000000100000000)
  region size 1024K, 24 young (24576K), 10 survivors (10240K)
 Metaspace       used 20679K, capacity 21115K, committed 21248K, reserved 1067008K
  class space    used 2539K, capacity 2712K, committed 2816K, reserved 1048576K
}
Event: 2.224 GC heap after
{Heap after GC invocations=3 (full 0):
 garbage-first heap   total 131072K, used 16295K [0x0000000080000000, 0x0000000100000000)
  region size 1024K, 1 young (1024K), 1 survivors (1024K)
 Metaspace       used 20679K, capacity 21115K, committed 21248K, reserved 1067008K
  class space    used 2539K, capacity 2712K, committed 2816K, reserved 1048576K
}
Event: 2.729 GC heap before
{Heap before GC invocations=4 (full 0):
 garbage-first heap   total 131072K, used 63399K [0x0000000080000000, 0x0000000100000000)
  region size 1024K, 47 young (48128K), 1 survivors (1024K)
 Metaspace       used 25981K, capacity 26585K, committed 26752K, reserved 1073152K
  class space    used 3393K, capacity 3602K, committed 3712K, reserved 1048576K
}
Event: 2.731 GC heap after
{Heap after GC invocations=5 (full 0):
 garbage-first heap   total 131072K, used 17957K [0x0000000080000000, 0x0000000100000000)
  region size 1024K, 3 young (3072K), 3 survivors (3072K)
 Metaspace       used 25981K, capacity 26585K, committed 26752K, reserved 1073152K
  class space    used 3393K, capacity 3602K, committed 3712K, reserved 1048576K
}
Event: 3.429 GC heap before
{Heap before GC invocations=5 (full 0):
 garbage-first heap   total 131072K, used 69157K [0x0000000080000000, 0x0000000100000000)
  region size 1024K, 54 young (55296K), 3 survivors (3072K)
 Metaspace       used 35058K, capacity 35769K, committed 35840K, reserved 1081344K
  class space    used 4562K, capacity 4856K, committed 4864K, reserved 1048576K
}
Event: 3.436 GC heap after
{Heap after GC invocations=6 (full 0):
 garbage-first heap   total 131072K, used 21280K [0x0000000080000000, 0x0000000100000000)
  region size 1024K, 6 young (6144K), 6 survivors (6144K)
 Metaspace       used 35058K, capacity 35769K, committed 35840K, reserved 1081344K
  class space    used 4562K, capacity 4856K, committed 4864K, reserved 1048576K
}
Event: 4.055 GC heap before
{Heap before GC invocations=7 (full 0):
 garbage-first heap   total 131072K, used 79648K [0x0000000080000000, 0x0000000100000000)
  region size 1024K, 60 young (61440K), 6 survivors (6144K)
 Metaspace       used 40393K, capacity 41208K, committed 41344K, reserved 1085440K
  class space    used 5153K, capacity 5467K, committed 5504K, reserved 1048576K
}
Event: 4.062 GC heap after
{Heap after GC invocations=8 (full 0):
 garbage-first heap   total 157696K, used 24845K [0x0000000080000000, 0x0000000100000000)
  region size 1024K, 7 young (7168K), 7 survivors (7168K)
 Metaspace       used 40393K, capacity 41208K, committed 41344K, reserved 1085440K
  class space    used 5153K, capacity 5467K, committed 5504K, reserved 1048576K
}
Event: 4.832 GC heap before
{Heap before GC invocations=8 (full 0):
 garbage-first heap   total 157696K, used 93453K [0x0000000080000000, 0x0000000100000000)
  region size 1024K, 74 young (75776K), 7 survivors (7168K)
 Metaspace       used 44404K, capacity 45435K, committed 45568K, reserved 1089536K
  class space    used 5696K, capacity 6070K, committed 6144K, reserved 1048576K
}
Event: 4.841 GC heap after
{Heap after GC invocations=9 (full 0):
 garbage-first heap   total 157696K, used 28983K [0x0000000080000000, 0x0000000100000000)
  region size 1024K, 8 young (8192K), 8 survivors (8192K)
 Metaspace       used 44404K, capacity 45435K, committed 45568K, reserved 1089536K
  class space    used 5696K, capacity 6070K, committed 6144K, reserved 1048576K
}
Event: 5.405 GC heap before
{Heap before GC invocations=9 (full 0):
 garbage-first heap   total 157696K, used 105783K [0x0000000080000000, 0x0000000100000000)
  region size 1024K, 77 young (78848K), 8 survivors (8192K)
 Metaspace       used 50728K, capacity 51979K, committed 52224K, reserved 1095680K
  class space    used 6454K, capacity 6851K, committed 6912K, reserved 1048576K
}
Event: 5.412 GC heap after
{Heap after GC invocations=10 (full 0):
 garbage-first heap   total 157696K, used 44653K [0x0000000080000000, 0x0000000100000000)
  region size 1024K, 10 young (10240K), 10 survivors (10240K)
 Metaspace       used 50728K, capacity 51979K, committed 52224K, reserved 1095680K
  class space    used 6454K, capacity 6851K, committed 6912K, reserved 1048576K
}
Event: 6.006 GC heap before
{Heap before GC invocations=10 (full 0):
 garbage-first heap   total 157696K, used 108141K [0x0000000080000000, 0x0000000100000000)
  region size 1024K, 72 young (73728K), 10 survivors (10240K)
 Metaspace       used 58550K, capacity 59924K, committed 60160K, reserved 1101824K
  class space    used 7436K, capacity 7902K, committed 7936K, reserved 1048576K
}
Event: 6.014 GC heap after
{Heap after GC invocations=11 (full 0):
 garbage-first heap   total 157696K, used 51308K [0x0000000080000000, 0x0000000100000000)
  region size 1024K, 6 young (6144K), 6 survivors (6144K)
 Metaspace       used 58550K, capacity 59924K, committed 60160K, reserved 1101824K
  class space    used 7436K, capacity 7902K, committed 7936K, reserved 1048576K
}
Event: 6.028 GC heap before
{Heap before GC invocations=11 (full 0):
 garbage-first heap   total 157696K, used 51308K [0x0000000080000000, 0x0000000100000000)
  region size 1024K, 7 young (7168K), 6 survivors (6144K)
 Metaspace       used 58634K, capacity 60088K, committed 60160K, reserved 1101824K
  class space    used 7440K, capacity 7935K, committed 7936K, reserved 1048576K
}
Event: 6.034 GC heap after
{Heap after GC invocations=12 (full 0):
 garbage-first heap   total 189440K, used 51894K [0x0000000080000000, 0x0000000100000000)
  region size 1024K, 1 young (1024K), 1 survivors (1024K)
 Metaspace       used 58634K, capacity 60088K, committed 60160K, reserved 1101824K
  class space    used 7440K, capacity 7935K, committed 7936K, reserved 1048576K
}

