# JRE version: OpenJDK Runtime Environment (11.0.8+10) (build 11.0.8+10-b944.6842174)
# Java VM: OpenJDK 64-Bit Server VM (11.0.8+10-b944.6842174, mixed mode, tiered, compressed oops, g1 gc, windows-amd64)
Heap:
 garbage-first heap   total 457728K, used 217320K [0x0000000080000000, 0x0000000100000000)
  region size 1024K, 17 young (17408K), 10 survivors (10240K)
 Metaspace       used 104151K, capacity 106774K, committed 107008K, reserved 1142784K
  class space    used 13109K, capacity 14020K, committed 14080K, reserved 1048576K
GC Heap History (20 events):
Event: 79.299 GC heap before
{Heap before GC invocations=35 (full 0):
 garbage-first heap   total 157696K, used 133672K [0x0000000080000000, 0x0000000100000000)
  region size 1024K, 9 young (9216K), 2 survivors (2048K)
 Metaspace       used 95986K, capacity 98228K, committed 98304K, reserved 1134592K
  class space    used 12258K, capacity 13036K, committed 13056K, reserved 1048576K
}
Event: 79.303 GC heap after
{Heap after GC invocations=36 (full 0):
 garbage-first heap   total 157696K, used 127965K [0x0000000080000000, 0x0000000100000000)
  region size 1024K, 2 young (2048K), 2 survivors (2048K)
 Metaspace       used 95986K, capacity 98228K, committed 98304K, reserved 1134592K
  class space    used 12258K, capacity 13036K, committed 13056K, reserved 1048576K
}
Event: 79.315 GC heap before
{Heap before GC invocations=36 (full 0):
 garbage-first heap   total 157696K, used 132061K [0x0000000080000000, 0x0000000100000000)
  region size 1024K, 7 young (7168K), 2 survivors (2048K)
 Metaspace       used 96099K, capacity 98323K, committed 98560K, reserved 1134592K
  class space    used 12268K, capacity 13041K, committed 13056K, reserved 1048576K
}
Event: 79.323 GC heap after
{Heap after GC invocations=37 (full 0):
 garbage-first heap   total 214016K, used 127120K [0x0000000080000000, 0x0000000100000000)
  region size 1024K, 1 young (1024K), 1 survivors (1024K)
 Metaspace       used 96099K, capacity 98323K, committed 98560K, reserved 1134592K
  class space    used 12268K, capacity 13041K, committed 13056K, reserved 1048576K
}
Event: 79.433 GC heap before
{Heap before GC invocations=37 (full 0):
 garbage-first heap   total 214016K, used 154768K [0x0000000080000000, 0x0000000100000000)
  region size 1024K, 29 young (29696K), 1 survivors (1024K)
 Metaspace       used 96265K, capacity 98525K, committed 98560K, reserved 1134592K
  class space    used 12268K, capacity 13041K, committed 13056K, reserved 1048576K
}
Event: 79.446 GC heap after
{Heap after GC invocations=38 (full 0):
 garbage-first heap   total 214016K, used 142725K [0x0000000080000000, 0x0000000100000000)
  region size 1024K, 4 young (4096K), 4 survivors (4096K)
 Metaspace       used 96265K, capacity 98525K, committed 98560K, reserved 1134592K
  class space    used 12268K, capacity 13041K, committed 13056K, reserved 1048576K
}
Event: 79.620 GC heap before
{Heap before GC invocations=38 (full 0):
 garbage-first heap   total 214016K, used 164228K [0x0000000080000000, 0x0000000100000000)
  region size 1024K, 25 young (25600K), 4 survivors (4096K)
 Metaspace       used 96266K, capacity 98506K, committed 98560K, reserved 1134592K
  class space    used 12263K, capacity 13032K, committed 13056K, reserved 1048576K
}
Event: 79.637 GC heap after
{Heap after GC invocations=39 (full 0):
 garbage-first heap   total 214016K, used 155361K [0x0000000080000000, 0x0000000100000000)
  region size 1024K, 4 young (4096K), 4 survivors (4096K)
 Metaspace       used 96266K, capacity 98506K, committed 98560K, reserved 1134592K
  class space    used 12263K, capacity 13032K, committed 13056K, reserved 1048576K
}
Event: 79.835 GC heap before
{Heap before GC invocations=40 (full 0):
 garbage-first heap   total 214016K, used 170721K [0x0000000080000000, 0x0000000100000000)
  region size 1024K, 20 young (20480K), 4 survivors (4096K)
 Metaspace       used 96311K, capacity 98571K, committed 98816K, reserved 1134592K
  class space    used 12267K, capacity 13032K, committed 13056K, reserved 1048576K
}
Event: 79.849 GC heap after
{Heap after GC invocations=41 (full 0):
 garbage-first heap   total 214016K, used 165146K [0x0000000080000000, 0x0000000100000000)
  region size 1024K, 3 young (3072K), 3 survivors (3072K)
 Metaspace       used 96311K, capacity 98571K, committed 98816K, reserved 1134592K
  class space    used 12267K, capacity 13032K, committed 13056K, reserved 1048576K
}
Event: 80.008 GC heap before
{Heap before GC invocations=41 (full 0):
 garbage-first heap   total 214016K, used 172314K [0x0000000080000000, 0x0000000100000000)
  region size 1024K, 10 young (10240K), 3 survivors (3072K)
 Metaspace       used 97881K, capacity 100162K, committed 100352K, reserved 1136640K
  class space    used 12486K, capacity 13297K, committed 13312K, reserved 1048576K
}
Event: 80.031 GC heap after
{Heap after GC invocations=42 (full 0):
 garbage-first heap   total 457728K, used 164001K [0x0000000080000000, 0x0000000100000000)
  region size 1024K, 1 young (1024K), 1 survivors (1024K)
 Metaspace       used 97881K, capacity 100162K, committed 100352K, reserved 1136640K
  class space    used 12486K, capacity 13297K, committed 13312K, reserved 1048576K
}
Event: 81.208 GC heap before
{Heap before GC invocations=42 (full 0):
 garbage-first heap   total 457728K, used 262305K [0x0000000080000000, 0x0000000100000000)
  region size 1024K, 87 young (89088K), 1 survivors (1024K)
 Metaspace       used 99012K, capacity 101424K, committed 101632K, reserved 1136640K
  class space    used 12606K, capacity 13451K, committed 13568K, reserved 1048576K
}
Event: 81.227 GC heap after
{Heap after GC invocations=43 (full 0):
 garbage-first heap   total 457728K, used 185419K [0x0000000080000000, 0x0000000100000000)
  region size 1024K, 11 young (11264K), 11 survivors (11264K)
 Metaspace       used 99012K, capacity 101424K, committed 101632K, reserved 1136640K
  class space    used 12606K, capacity 13451K, committed 13568K, reserved 1048576K
}
Event: 81.862 GC heap before
{Heap before GC invocations=43 (full 0):
 garbage-first heap   total 457728K, used 294987K [0x0000000080000000, 0x0000000100000000)
  region size 1024K, 103 young (105472K), 11 survivors (11264K)
 Metaspace       used 99320K, capacity 101690K, committed 101888K, reserved 1138688K
  class space    used 12631K, capacity 13494K, committed 13568K, reserved 1048576K
}
Event: 81.884 GC heap after
{Heap after GC invocations=44 (full 0):
 garbage-first heap   total 457728K, used 210038K [0x0000000080000000, 0x0000000100000000)
  region size 1024K, 11 young (11264K), 11 survivors (11264K)
 Metaspace       used 99320K, capacity 101690K, committed 101888K, reserved 1138688K
  class space    used 12631K, capacity 13494K, committed 13568K, reserved 1048576K
}
Event: 97.167 GC heap before
{Heap before GC invocations=44 (full 0):
 garbage-first heap   total 457728K, used 312438K [0x0000000080000000, 0x0000000100000000)
  region size 1024K, 111 young (113664K), 11 survivors (11264K)
 Metaspace       used 100137K, capacity 102695K, committed 103040K, reserved 1138688K
  class space    used 12673K, capacity 13583K, committed 13696K, reserved 1048576K
}
Event: 97.178 GC heap after
{Heap after GC invocations=45 (full 0):
 garbage-first heap   total 457728K, used 207874K [0x0000000080000000, 0x0000000100000000)
  region size 1024K, 6 young (6144K), 6 survivors (6144K)
 Metaspace       used 100137K, capacity 102695K, committed 103040K, reserved 1138688K
  class space    used 12673K, capacity 13583K, committed 13696K, reserved 1048576K
}
Event: 98.978 GC heap before
{Heap before GC invocations=45 (full 0):
 garbage-first heap   total 457728K, used 317442K [0x0000000080000000, 0x0000000100000000)
  region size 1024K, 114 young (116736K), 6 survivors (6144K)
 Metaspace       used 101376K, capacity 103890K, committed 104064K, reserved 1140736K
  class space    used 12780K, capacity 13659K, committed 13696K, reserved 1048576K
}
Event: 98.990 GC heap after
{Heap after GC invocations=46 (full 0):
 garbage-first heap   total 457728K, used 213266K [0x0000000080000000, 0x0000000100000000)
  region size 1024K, 12 young (12288K), 12 survivors (12288K)
 Metaspace       used 101376K, capacity 103890K, committed 104064K, reserved 1140736K
  class space    used 12780K, capacity 13659K, committed 13696K, reserved 1048576K
}

