# JRE version: OpenJDK Runtime Environment (11.0.8+10) (build 11.0.8+10-b944.6842174)
# Java VM: OpenJDK 64-Bit Server VM (11.0.8+10-b944.6842174, mixed mode, tiered, compressed oops, g1 gc, windows-amd64)
Heap:
 garbage-first heap   total 212992K, used 64512K [0x0000000081c00000, 0x0000000100000000)
  region size 1024K, 8 young (8192K), 8 survivors (8192K)
 Metaspace       used 62869K, capacity 63626K, committed 63872K, reserved 1105920K
  class space    used 6973K, capacity 7286K, committed 7296K, reserved 1048576K
GC Heap History (17 events):
Event: 0.427 GC heap before
{Heap before GC invocations=0 (full 0):
 garbage-first heap   total 131072K, used 27648K [0x0000000081c00000, 0x0000000100000000)
  region size 1024K, 24 young (24576K), 0 survivors (0K)
 Metaspace       used 12319K, capacity 12469K, committed 12800K, reserved 1060864K
  class space    used 1157K, capacity 1174K, committed 1280K, reserved 1048576K
}
Event: 0.430 GC heap after
{Heap after GC invocations=1 (full 0):
 garbage-first heap   total 131072K, used 5675K [0x0000000081c00000, 0x0000000100000000)
  region size 1024K, 3 young (3072K), 3 survivors (3072K)
 Metaspace       used 12319K, capacity 12469K, committed 12800K, reserved 1060864K
  class space    used 1157K, capacity 1174K, committed 1280K, reserved 1048576K
}
Event: 0.885 GC heap before
{Heap before GC invocations=1 (full 0):
 garbage-first heap   total 131072K, used 41515K [0x0000000081c00000, 0x0000000100000000)
  region size 1024K, 39 young (39936K), 3 survivors (3072K)
 Metaspace       used 20920K, capacity 21150K, committed 21248K, reserved 1069056K
  class space    used 2202K, capacity 2257K, committed 2304K, reserved 1048576K
}
Event: 0.893 GC heap after
{Heap after GC invocations=2 (full 0):
 garbage-first heap   total 131072K, used 9545K [0x0000000081c00000, 0x0000000100000000)
  region size 1024K, 7 young (7168K), 7 survivors (7168K)
 Metaspace       used 20920K, capacity 21150K, committed 21248K, reserved 1069056K
  class space    used 2202K, capacity 2257K, committed 2304K, reserved 1048576K
}
Event: 1.539 GC heap before
{Heap before GC invocations=3 (full 0):
 garbage-first heap   total 131072K, used 67913K [0x0000000081c00000, 0x0000000100000000)
  region size 1024K, 56 young (57344K), 7 survivors (7168K)
 Metaspace       used 30809K, capacity 31322K, committed 31488K, reserved 1077248K
  class space    used 3629K, capacity 3809K, committed 3840K, reserved 1048576K
}
Event: 1.552 GC heap after
{Heap after GC invocations=4 (full 0):
 garbage-first heap   total 131072K, used 24964K [0x0000000081c00000, 0x0000000100000000)
  region size 1024K, 7 young (7168K), 7 survivors (7168K)
 Metaspace       used 30809K, capacity 31322K, committed 31488K, reserved 1077248K
  class space    used 3629K, capacity 3809K, committed 3840K, reserved 1048576K
}
Event: 1.839 GC heap before
{Heap before GC invocations=4 (full 0):
 garbage-first heap   total 131072K, used 51588K [0x0000000081c00000, 0x0000000100000000)
  region size 1024K, 30 young (30720K), 7 survivors (7168K)
 Metaspace       used 35203K, capacity 35661K, committed 35840K, reserved 1081344K
  class space    used 4325K, capacity 4487K, committed 4608K, reserved 1048576K
}
Event: 1.847 GC heap after
{Heap after GC invocations=5 (full 0):
 garbage-first heap   total 131072K, used 27030K [0x0000000081c00000, 0x0000000100000000)
  region size 1024K, 3 young (3072K), 3 survivors (3072K)
 Metaspace       used 35203K, capacity 35661K, committed 35840K, reserved 1081344K
  class space    used 4325K, capacity 4487K, committed 4608K, reserved 1048576K
}
Event: 2.558 GC heap before
{Heap before GC invocations=6 (full 0):
 garbage-first heap   total 131072K, used 81302K [0x0000000081c00000, 0x0000000100000000)
  region size 1024K, 56 young (57344K), 3 survivors (3072K)
 Metaspace       used 46431K, capacity 46994K, committed 47232K, reserved 1091584K
  class space    used 5470K, capacity 5653K, committed 5760K, reserved 1048576K
}
Event: 2.571 GC heap after
{Heap after GC invocations=7 (full 0):
 garbage-first heap   total 157696K, used 32110K [0x0000000081c00000, 0x0000000100000000)
  region size 1024K, 7 young (7168K), 7 survivors (7168K)
 Metaspace       used 46431K, capacity 46994K, committed 47232K, reserved 1091584K
  class space    used 5470K, capacity 5653K, committed 5760K, reserved 1048576K
}
Event: 3.663 GC heap before
{Heap before GC invocations=7 (full 0):
 garbage-first heap   total 157696K, used 115054K [0x0000000081c00000, 0x0000000100000000)
  region size 1024K, 87 young (89088K), 7 survivors (7168K)
 Metaspace       used 53881K, capacity 54571K, committed 54656K, reserved 1097728K
  class space    used 6205K, capacity 6477K, committed 6528K, reserved 1048576K
}
Event: 3.685 GC heap after
{Heap after GC invocations=8 (full 0):
 garbage-first heap   total 157696K, used 42279K [0x0000000081c00000, 0x0000000100000000)
  region size 1024K, 11 young (11264K), 11 survivors (11264K)
 Metaspace       used 53881K, capacity 54571K, committed 54656K, reserved 1097728K
  class space    used 6205K, capacity 6477K, committed 6528K, reserved 1048576K
}
Event: 4.184 GC heap before
{Heap before GC invocations=8 (full 0):
 garbage-first heap   total 157696K, used 112935K [0x0000000081c00000, 0x0000000100000000)
  region size 1024K, 80 young (81920K), 11 survivors (11264K)
 Metaspace       used 54798K, capacity 55466K, committed 55680K, reserved 1097728K
  class space    used 6239K, capacity 6517K, committed 6528K, reserved 1048576K
}
Event: 4.211 GC heap after
{Heap after GC invocations=9 (full 0):
 garbage-first heap   total 157696K, used 50787K [0x0000000081c00000, 0x0000000100000000)
  region size 1024K, 8 young (8192K), 8 survivors (8192K)
 Metaspace       used 54798K, capacity 55466K, committed 55680K, reserved 1097728K
  class space    used 6239K, capacity 6517K, committed 6528K, reserved 1048576K
}
Event: 4.910 GC heap before
{Heap before GC invocations=9 (full 0):
 garbage-first heap   total 157696K, used 107107K [0x0000000081c00000, 0x0000000100000000)
  region size 1024K, 64 young (65536K), 8 survivors (8192K)
 Metaspace       used 59350K, capacity 60094K, committed 60160K, reserved 1101824K
  class space    used 6748K, capacity 7032K, committed 7040K, reserved 1048576K
}
Event: 4.928 GC heap after
{Heap after GC invocations=10 (full 0):
 garbage-first heap   total 157696K, used 55296K [0x0000000081c00000, 0x0000000100000000)
  region size 1024K, 4 young (4096K), 4 survivors (4096K)
 Metaspace       used 59350K, capacity 60094K, committed 60160K, reserved 1101824K
  class space    used 6748K, capacity 7032K, committed 7040K, reserved 1048576K
}
Event: 6.352 GC heap before
{Heap before GC invocations=11 (full 0):
 garbage-first heap   total 157696K, used 116736K [0x0000000081c00000, 0x0000000100000000)
  region size 1024K, 63 young (64512K), 4 survivors (4096K)
 Metaspace       used 62869K, capacity 63626K, committed 63872K, reserved 1105920K
  class space    used 6973K, capacity 7286K, committed 7296K, reserved 1048576K
}

